app/build/app/outputs/mapping/release/seeds.txt
woms.team.app.MainActivity: MainActivity()
woms.team.app.MainActivity
...
com.google.android.gms.internal.measurement.zzcf: boolean zzh
io.flutter.embedding.engine.FlutterJNI: void attachToNative()
io.flutter.embedding.engine.FlutterJNI: io.flutter.embedding.engine.deferredcomponents.DeferredComponentManager deferredComponentManager
com.google.android.gms.measurement.internal.AppMeasurementDynamiteService: void onActivityResumed(com.google.android.gms.dynamic.IObjectWrapper,long)
io.flutter.embedding.engine.FlutterJNI: void ensureAttachedToNative()
io.flutter.embedding.engine.FlutterJNI: void destroyOverlaySurfaces()
io.flutter.embedding.engine.mutatorsstack.FlutterMutatorsStack: void pushClipRect(int,int,int,int)
io.flutter.embedding.engine.FlutterJNI: void removeEngineLifecycleListener(io.flutter.embedding.engine.FlutterEngine$EngineLifecycleListener)
androidx.lifecycle.ReportFragment$LifecycleCallbacks: void onActivityPreStopped(android.app.Activity)
io.flutter.embedding.engine.FlutterJNI: java.util.Set engineLifecycleListeners
com.google.android.gms.internal.measurement.zzds: com.google.android.gms.internal.measurement.zzds zzg
com.google.android.gms.internal.measurement.zzcp: int zzg
com.google.android.gms.internal.measurement.zzdj: java.lang.String zzq
com.google.android.gms.internal.measurement.zzcd
com.google.android.gms.internal.measurement.zzdb: int zza
io.flutter.embedding.engine.FlutterJNI: void setAsyncWaitForVsyncDelegate(io.flutter.embedding.engine.FlutterJNI$AsyncWaitForVsyncDelegate)
com.google.firebase.installations.FirebaseInstallationsRegistrar: FirebaseInstallationsRegistrar()
io.flutter.embedding.android.FlutterSurfaceView
com.google.android.gms.measurement.AppMeasurementService
com.google.android.gms.internal.measurement.zzck: int zza
com.google.firebase.provider.FirebaseInitProvider
io.flutter.plugin.editing.ImeSyncDeferringInsetsCallback: boolean access$300(io.flutter.plugin.editing.ImeSyncDeferringInsetsCallback)
io.flutter.embedding.engine.renderer.SurfaceTextureWrapper: android.graphics.SurfaceTexture surfaceTexture()
androidx.core.graphics.drawable.IconCompat
com.google.android.gms.internal.measurement.zzdb: long zzg
androidx.core.content.ContextCompat$Api19Impl: java.io.File[] getObbDirs(android.content.Context)
io.flutter.plugin.platform.SingleViewPresentation: SingleViewPresentation(android.content.Context,android.view.Display,io.flutter.plugin.platform.PlatformViewFactory,io.flutter.plugin.platform.AccessibilityEventsDelegate,int,java.lang.Object,android.view.View$OnFocusChangeListener)
com.google.android.gms.measurement.internal.AppMeasurementDynamiteService: void performAction(android.os.Bundle,com.google.android.gms.internal.measurement.zzs,long)
io.flutter.embedding.engine.FlutterJNI: boolean nativeFlutterTextUtilsIsEmoji(int)
com.google.android.gms.internal.measurement.zzeg: com.google.android.gms.internal.measurement.zzhz zzf
com.google.android.gms.internal.measurement.zzdj: int zzg
com.google.android.gms.internal.measurement.zzcn
io.flutter.embedding.engine.renderer.SurfaceTextureWrapper: void getTransformMatrix(float[])
io.flutter.embedding.engine.FlutterJNI: void onDisplayOverlaySurface(int,int,int,int,int)
io.flutter.embedding.engine.FlutterJNI: void onDisplayPlatformView(int,int,int,int,int,int,int,io.flutter.embedding.engine.mutatorsstack.FlutterMutatorsStack)
com.google.android.gms.internal.measurement.zzdu: com.google.android.gms.internal.measurement.zzdu zzk
io.flutter.embedding.android.FlutterImageView: android.media.ImageReader getImageReader()
com.google.android.gms.internal.measurement.zzdj: com.google.android.gms.internal.measurement.zzhz zzh
io.flutter.embedding.engine.systemchannels.PlatformChannel$DeviceOrientation: io.flutter.embedding.engine.systemchannels.PlatformChannel$DeviceOrientation[] values()
io.flutter.embedding.engine.FlutterJNI: void dispatchEmptyPlatformMessage(java.lang.String,int)
com.google.android.gms.internal.measurement.zzck: int zze
com.google.android.gms.internal.measurement.zzck: boolean zzg