app/build/app/outputs/mapping/release/mapping.txt
# compiler: R8
# compiler_version: 2.1.62
# min_api: 21
# pg_map_id: 580ee94
# common_typos_disable
...
io.flutter.plugins.pathprovider.PathProviderPlugin -> io.flutter.plugins.b.h:
    android.content.Context context -> a
    java.util.concurrent.Executor uiThreadExecutor -> c
    java.util.concurrent.Executor executor -> d
    io.flutter.plugin.common.MethodChannel channel -> b
    void onMethodCall(io.flutter.plugin.common.MethodCall,io.flutter.plugin.common.MethodChannel$Result) -> a
    void executeInBackground(java.util.concurrent.Callable,io.flutter.plugin.common.MethodChannel$Result) -> b
    void onAttachedToEngine(io.flutter.embedding.engine.plugins.FlutterPlugin$FlutterPluginBinding) -> c
    java.lang.String getApplicationSupportDirectory() -> d
    java.lang.String getPathProviderApplicationDocumentsDirectory() -> e
    java.util.List getPathProviderExternalCacheDirectories() -> f
    void onDetachedFromEngine(io.flutter.embedding.engine.plugins.FlutterPlugin$FlutterPluginBinding) -> g
    java.util.List getPathProviderExternalStorageDirectories(java.lang.String) -> h
    java.lang.String getPathProviderStorageDirectory() -> i
    java.lang.String getPathProviderTemporaryDirectory() -> j
    void lambda$executeInBackground$0(com.google.common.util.concurrent.SettableFuture,java.util.concurrent.Callable) -> k
    java.lang.String lambda$onMethodCall$1() -> l
    java.lang.String lambda$onMethodCall$1$PathProviderPlugin() -> m
    java.lang.String lambda$onMethodCall$2() -> n
    java.lang.String lambda$onMethodCall$2$PathProviderPlugin() -> o
io.flutter.plugins.pathprovider.PathProviderPlugin$1 -> io.flutter.plugins.b.h$a:
    io.flutter.plugin.common.MethodChannel$Result val$result -> a
    void onSuccess(java.lang.Object) -> a
    void onFailure(java.lang.Throwable) -> b
io.flutter.plugins.pathprovider.PathProviderPlugin$UiThreadExecutor -> io.flutter.plugins.b.h$b:
    android.os.Handler handler -> a
io.flutter.plugins.pathprovider.StorageDirectoryMapper -> io.flutter.plugins.b.i:
    java.lang.String androidType(java.lang.Integer) -> a
io.flutter.plugins.sharedpreferences.MethodCallHandlerImpl -> io.flutter.plugins.c.a:
    android.content.SharedPreferences preferences -> a
    java.util.concurrent.Executor uiThreadExecutor -> c
    java.util.concurrent.ExecutorService executor -> b
    void onMethodCall(io.flutter.plugin.common.MethodCall,io.flutter.plugin.common.MethodChannel$Result) -> a
    void commitAsync(android.content.SharedPreferences$Editor,io.flutter.plugin.common.MethodChannel$Result) -> b
    java.util.List decodeList(java.lang.String) -> c
    java.lang.String encodeList(java.util.List) -> d
    java.util.Map getAllPrefs() -> e
    void teardown() -> f
io.flutter.plugins.sharedpreferences.MethodCallHandlerImpl$1 -> io.flutter.plugins.c.a$a:
    io.flutter.plugin.common.MethodChannel$Result val$result -> a
    void onSuccess(java.lang.Object) -> a
    void onFailure(java.lang.Throwable) -> b
    void onSuccess(java.lang.Boolean) -> c
io.flutter.plugins.sharedpreferences.MethodCallHandlerImpl$2 -> io.flutter.plugins.c.a$b:
    android.content.SharedPreferences$Editor val$editor -> b
    com.google.common.util.concurrent.SettableFuture val$future -> a
io.flutter.plugins.sharedpreferences.MethodCallHandlerImpl$UiThreadExecutor -> io.flutter.plugins.c.a$c:
    android.os.Handler handler -> a
io.flutter.plugins.sharedpreferences.SharedPreferencesPlugin -> io.flutter.plugins.c.b:
    io.flutter.plugins.sharedpreferences.MethodCallHandlerImpl handler -> b
    io.flutter.plugin.common.MethodChannel channel -> a
    void setupChannel(io.flutter.plugin.common.BinaryMessenger,android.content.Context) -> a
    void teardownChannel() -> b
    void onAttachedToEngine(io.flutter.embedding.engine.plugins.FlutterPlugin$FlutterPluginBinding) -> c
    void onDetachedFromEngine(io.flutter.embedding.engine.plugins.FlutterPlugin$FlutterPluginBinding) -> g