app/build/app/outputs/mapping/release/usage.txt
woms.team.app.R$styleable
woms.team.app.R$id
woms.team.app.BuildConfig
woms.team.app.R$attr
woms.team.app.R
woms.team.app.R$dimen
woms.team.app.R$drawable
woms.team.app.R$integer
woms.team.app.R$color
woms.team.app.R$style
woms.team.app.R$string
woms.team.app.R$layout
woms.team.app.R$xml
woms.team.app.R$mipmap
...
com.google.android.gms.common.internal.IResolveAccountCallbacks$Stub
kotlin.collections.AbstractMap$values$1$iterator$1
androidx.viewpager.widget.ViewPager$PagerObserver
com.google.android.gms.common.server.response.zal
androidx.core.util.ObjectsCompat
com.google.common.collect.TreeBasedTable$1
com.google.common.collect.ForwardingMultiset$StandardElementSet
io.flutter.plugins.firebaseanalytics.R$id
com.google.common.collect.ImmutableCollection$Builder
androidx.core.content.ContextCompat$Api21Impl
com.google.android.gms.common.server.converter.StringToIntConverter$zaa
com.google.common.graph.ForwardingValueGraph
com.google.common.collect.ComparisonChain
androidx.fragment.app.FragmentTabHost$SavedState$1
com.google.common.collect.Maps$IteratorBasedAbstractMap$1
com.google.android.gms.common.api.internal.RemoteCall
androidx.loader.R$style
kotlin.UIntArray$Iterator
org.checkerframework.checker.nullness.compatqual.NullableType
androidx.core.content.res.ResourcesCompat$FontCallback$2
com.google.common.collect.Iterators$MergingIterator$1
kotlin.js.JsName
androidx.core.content.res.ResourcesCompat$ColorStateListCacheKey
com.google.common.graph.MultiEdgesConnecting$1
com.google.firebase.installations.R$dimen
com.google.common.cache.LongAddables$PureJavaLongAddable
com.google.android.gms.signin.internal.zag:
    public final void zam(int)
    public final void zaa(com.google.android.gms.common.internal.IAccountAccessor,int,boolean)
androidx.core.view.ViewPropertyAnimatorCompat$ViewPropertyAnimatorListenerApi14
androidx.activity.R$integer
javax.annotation.meta.Exclusive
com.google.android.gms.internal.measurement.zzj:
    private void <init>()
    public final java.util.concurrent.ExecutorService zza(int)
com.google.common.base.Throwables:
    private void <init>()
    public static void throwIfInstanceOf(java.lang.Throwable,java.lang.Class)
    public static void propagateIfInstanceOf(java.lang.Throwable,java.lang.Class)
    public static void propagateIfPossible(java.lang.Throwable)
    public static void propagateIfPossible(java.lang.Throwable,java.lang.Class)
    public static void propagateIfPossible(java.lang.Throwable,java.lang.Class,java.lang.Class)
    public static java.lang.RuntimeException propagate(java.lang.Throwable)
    public static java.lang.Throwable getRootCause(java.lang.Throwable)
    public static java.util.List getCausalChain(java.lang.Throwable)
    public static java.lang.Throwable getCauseAs(java.lang.Throwable,java.lang.Class)
    public static java.lang.String getStackTraceAsString(java.lang.Throwable)
    public static java.util.List lazyStackTrace(java.lang.Throwable)
    public static boolean lazyStackTraceIsLazy()
    private static java.util.List jlaStackTrace(java.lang.Throwable)
    private static varargs java.lang.Object invokeAccessibleNonThrowingMethod(java.lang.reflect.Method,java.lang.Object,java.lang.Object[])
    static synthetic java.lang.reflect.Method access$000()
    static synthetic java.lang.Object access$100()
    static synthetic java.lang.Object access$200(java.lang.reflect.Method,java.lang.Object,java.lang.Object[])
    static synthetic java.lang.reflect.Method access$300()
com.google.common.collect.AbstractBiMap$1
io.flutter.plugins.sharedpreferences.R$string
io.flutter.plugins.imagepicker.R$string
kotlin.coroutines.experimental.SafeContinuation$Fail
com.google.common.primitives.Floats$LexicographicalComparator
com.google.android.gms.common.internal.ServiceSpecificExtraArgs$GamesExtraArgs
kotlin.coroutines.jvm.internal.DebugProbesKt
androidx.core.content.SharedPreferencesCompat
com.google.common.collect.Maps$13
com.google.common.util.concurrent.CollectionFuture
io.flutter.embedding.android.FlutterFragmentActivity$NewEngineIntentBuilder
com.google.common.collect.RegularImmutableSortedSet
androidx.core.hardware.fingerprint.FingerprintManagerCompat
com.google.common.collect.Lists$CharSequenceAsList
androidx.lifecycle.livedata.R
com.google.common.graph.package-info